NAME 0: JavaBoss
NAME 1: Boss
PLACE 0: {"B": [0, 2, "h"], "D": [0, 6, "h"], "C": [0, 0, "h"], "P": [0, 8, "h"], "S": [0, 4, "h"]}
PLACE 1: {"C": [4, 9, "h"], "B": [4, 0, "h"], "S": [2, 2, "h"], "P": [2, 6, "h"], "D": [2, 5, "h"]}
SHOOT 0: [0, 0]
SHOOT 1: [4, 5]
SHOOT 0: [1, 0]
SHOOT 1: [4, 3]
SHOOT 0: [2, 0]
SHOOT 1: [6, 9]
SHOOT 0: [3, 0]
SHOOT 1: [2, 8]
SHOOT 0: [4, 0]
SHOOT 0: [5, 0]
SHOOT 0: [6, 0]
SHOOT 0: [7, 0]
SHOOT 0: [8, 0]
SHOOT 1: [4, 2]
SHOOT 0: [9, 0]
SHOOT 1: [6, 5]
SHOOT 0: [0, 1]
SHOOT 1: [4, 1]
SHOOT 0: [1, 1]
SHOOT 1: [8, 2]
SHOOT 0: [2, 1]
SHOOT 1: [5, 5]
SHOOT 0: [3, 1]
SHOOT 1: [0, 7]
SHOOT 0: [4, 1]
SHOOT 1: [8, 1]
SHOOT 0: [5, 1]
SHOOT 1: [0, 3]
SHOOT 0: [6, 1]
SHOOT 1: [9, 2]
SHOOT 0: [7, 1]
SHOOT 1: [5, 0]
SHOOT 0: [8, 1]
SHOOT 1: [8, 0]
SHOOT 0: [9, 1]
SHOOT 1: [9, 4]
SHOOT 0: [0, 2]
SHOOT 1: [5, 9]
SHOOT 0: [1, 2]
SHOOT 1: [3, 7]
SHOOT 0: [2, 2]
SHOOT 0: [3, 2]
SHOOT 0: [4, 2]
SHOOT 0: [5, 2]
SHOOT 1: [2, 1]
SHOOT 0: [6, 2]
SHOOT 1: [6, 6]
SHOOT 0: [7, 2]
SHOOT 1: [4, 7]
SHOOT 0: [8, 2]
SHOOT 1: [1, 4]
SHOOT 1: [3, 6]
SHOOT 0: [9, 2]
SHOOT 1: [3, 2]
SHOOT 1: [3, 1]
SHOOT 0: [0, 3]
SHOOT 1: [0, 6]
SHOOT 1: [8, 5]
SHOOT 0: [1, 3]
SHOOT 1: [9, 0]
SHOOT 0: [2, 3]
SHOOT 1: [5, 4]
SHOOT 0: [3, 3]
SHOOT 1: [0, 8]
SHOOT 1: [0, 4]
SHOOT 1: [3, 4]
SHOOT 0: [4, 3]
SHOOT 1: [2, 0]
SHOOT 1: [4, 9]
SHOOT 0: [5, 3]
SHOOT 1: [4, 4]
SHOOT 0: [6, 3]
SHOOT 1: [2, 2]
SHOOT 1: [8, 9]
SHOOT 0: [7, 3]
SHOOT 1: [3, 9]
SHOOT 0: [8, 3]
SHOOT 1: [6, 2]
SHOOT 0: [9, 3]
SHOOT 1: [1, 6]
SHOOT 1: [2, 3]
SHOOT 0: [0, 4]
SHOOT 1: [6, 7]
SHOOT 0: [1, 4]
SHOOT 1: [7, 5]
SHOOT 0: [2, 4]
SHOOT 1: [3, 8]
SHOOT 0: [3, 4]
SHOOT 1: [9, 7]
SHOOT 0: [4, 4]
SHOOT 1: [3, 3]
SHOOT 0: [5, 4]
SHOOT 1: [9, 3]
SHOOT 0: [6, 4]
SHOOT 1: [6, 1]
SHOOT 0: [7, 4]
SHOOT 1: [9, 1]
SHOOT 0: [8, 4]
SHOOT 1: [7, 7]
SHOOT 0: [9, 4]
SHOOT 1: [4, 8]
SHOOT 0: [0, 5]
SHOOT 1: [6, 4]
SHOOT 0: [1, 5]
SHOOT 1: [8, 4]
SHOOT 0: [2, 5]
SHOOT 0: [3, 5]
SHOOT 0: [4, 5]
SHOOT 0: [5, 5]
SHOOT 1: [5, 1]
SHOOT 0: [6, 5]
SHOOT 1: [6, 0]
SHOOT 0: [7, 5]
SHOOT 1: [9, 9]
SHOOT 0: [8, 5]
SHOOT 1: [5, 3]
SHOOT 0: [9, 5]
SHOOT 1: [9, 8]
SHOOT 0: [0, 6]
SHOOT 1: [4, 6]
SHOOT 0: [1, 6]
SHOOT 1: [6, 3]
SHOOT 0: [2, 6]
SHOOT 0: [3, 6]
SHOOT 0: [4, 6]
SHOOT 1: [7, 6]
SHOOT 0: [5, 6]
SHOOT 1: [5, 8]
SHOOT 0: [6, 6]
SHOOT 1: [0, 9]
SHOOT 0: [7, 6]
SHOOT 1: [2, 6]
SHOOT 1: [1, 9]
SHOOT 0: [8, 6]
SHOOT 1: [8, 8]
SHOOT 0: [9, 6]
SHOOT 1: [8, 7]
SHOOT 0: [0, 7]
SHOOT 1: [1, 0]
SHOOT 1: [2, 9]
SHOOT 0: [1, 7]
SHOOT 1: [6, 8]
SHOOT 0: [2, 7]
SHOOT 1: [2, 5]
SHOOT 0: [3, 7]
SHOOT 1: [0, 1]
SHOOT 0: [4, 7]
SHOOT 1: [7, 2]
SHOOT 0: [5, 7]
SHOOT 1: [7, 0]
SHOOT 0: [6, 7]
SHOOT 1: [1, 5]
SHOOT 0: [7, 7]
SHOOT 1: [7, 1]
SHOOT 0: [8, 7]
SHOOT 1: [3, 0]
SHOOT 1: [7, 3]
SHOOT 0: [9, 7]
SHOOT 1: [7, 9]
SHOOT 0: [0, 8]
SHOOT 1: [1, 2]
SHOOT 1: [9, 6]
SHOOT 0: [1, 8]
SHOOT 1: [7, 8]
SHOOT 0: [2, 8]
SHOOT 1: [5, 7]
SHOOT 0: [3, 8]
SHOOT 1: [5, 6]
SHOOT 0: [4, 8]
SHOOT 1: [1, 8]
SHOOT 1: [3, 5]
SHOOT 0: [5, 8]
SHOOT 1: [2, 4]
SHOOT 1: [5, 2]
SHOOT 0: [6, 8]
SHOOT 1: [4, 0]
SHOOT 1: [2, 7]
SHOOT 0: [7, 8]
SHOOT 1: [0, 2]
SHOOT 1: [0, 0]
WIN 1
